sx_add_func
sx_add_method
sx_add_static_method
sx_add_stmt
sx_add_to_block
sx_add_value
sx_append
sx_are_equal
sx_class_is_a
sx_compare
sx_create_system
sx_create_thread
sx_create_thread_v
SX_DEFINE_CFUNC
sx_define_var
sx_dupmem
sx_find_member
sx_free
sx_free_func
sx_free_namelist
sx_free_system
sx_get_call
sx_get_index
sx_get_member
sx_get_method
sx_get_static_method
sx_get_value
sx_get_var
SX_ISARRAY
SX_ISSTRING
sx_is_true
sx_lock_value
sx_malloc
sx_mark_value
sx_name_id_to_name
sx_name_to_id
sx_new_array
sx_new_block
sx_new_cfunc
sx_new_class
sx_new_core_class
sx_new_error
sx_new_func
sx_new_module
sx_new_namelist
sx_new_namelist_from_array
sx_new_nil
sx_new_num
sx_new_object
sx_new_stack_array
sx_new_str
sx_new_str_len
sxp_load_file
sxp_load_string
sx_pop_call
sx_pop_value
sx_push_call
sx_push_value
sx_raise_error
sx_ref_class
sx_ref_func
sx_ref_module
sx_run
sx_runable
sx_run_gc
sx_run_until
sx_set_index
sx_set_member
sx_set_option
sx_strdup
SX_TOARRAY
SX_TOSTRING
sx_unlock_value
sx_unref_class
sx_unref_func
sx_unref_module
sx_value_is_a
